2023.02.23 15:15:13 INFO  tracing is disabled for protocol LSP, to enable tracing of incoming and outgoing JSON messages create an empty file at /home/brad/craigslist-scraper/.metals/lsp.trace.json or /home/brad/.cache/metals/lsp.trace.json
2023.02.23 15:15:14 INFO  logging to file /home/brad/craigslist-scraper/.metals/metals.log
2023.02.23 15:15:14 INFO  Started: Metals version 0.11.10 in workspace '/home/brad/craigslist-scraper' for client Visual Studio Code 1.75.1.
SLF4J: No SLF4J providers were found.
SLF4J: Defaulting to no-operation (NOP) logger implementation
SLF4J: See https://www.slf4j.org/codes.html#noProviders for further details.
SLF4J: Class path contains SLF4J bindings targeting slf4j-api versions 1.7.x or earlier.
SLF4J: Ignoring binding found at [jar:file:/home/brad/.cache/coursier/v1/https/repo1.maven.org/maven2/com/outr/scribe-slf4j_2.13/3.10.5/scribe-slf4j_2.13-3.10.5.jar!/org/slf4j/impl/StaticLoggerBinder.class]
SLF4J: See https://www.slf4j.org/codes.html#ignoredBindings for an explanation.
2023.02.23 15:15:16 INFO  time: initialize in 1.5s
2023.02.23 15:15:18 WARN  Build server is not auto-connectable.
2023.02.23 15:15:28 WARN  no build target for: /home/brad/craigslist-scraper/build.sbt
2023.02.23 15:15:31 INFO  no build target found for /home/brad/craigslist-scraper/build.sbt. Using presentation compiler with project's scala-library version: 3.2.1
2023.02.23 15:15:33 INFO  time: code lens generation in 3.97s
2023.02.23 15:15:33 INFO  time: code lens generation in 1.82s
2023.02.23 15:15:38 WARN  no build target for: /home/brad/craigslist-scraper/build.sbt
2023.02.23 15:15:41 WARN  no build target for: /home/brad/craigslist-scraper/build.sbt
2023.02.23 15:16:10 INFO  skipping build import with status 'Dismissed'
2023.02.23 15:16:18 WARN  no build target for: /home/brad/craigslist-scraper/src/main/scala/Hello.scala
2023.02.23 15:16:36 WARN  no build target for: /home/brad/craigslist-scraper/src/main/scala/Hello.scala
2023.02.23 15:17:00 WARN  no build target for: /home/brad/craigslist-scraper/src/main/scala/Hello.scala
2023.02.23 15:18:10 WARN  no build target for: /home/brad/craigslist-scraper/build.sbt
2023.02.23 15:22:23 WARN  no build target for: /home/brad/craigslist-scraper/src/main/scala/JobCategories.scala
Feb 23, 2023 3:24:45 PM scala.meta.internal.pc.CompilerAccess handleError
SEVERE: NoDenotation.owner
java.lang.AssertionError: NoDenotation.owner
	at dotty.tools.dotc.core.SymDenotations$NoDenotation$.owner(SymDenotations.scala:2511)
	at scala.meta.internal.pc.SignatureHelpProvider$.isValid(SignatureHelpProvider.scala:88)
	at scala.meta.internal.pc.SignatureHelpProvider$.notCurrentApply(SignatureHelpProvider.scala:99)
	at scala.meta.internal.pc.SignatureHelpProvider$.$anonfun$1(SignatureHelpProvider.scala:49)
	at scala.collection.StrictOptimizedLinearSeqOps.loop$3(LinearSeq.scala:280)
	at scala.collection.StrictOptimizedLinearSeqOps.dropWhile(LinearSeq.scala:282)
	at scala.collection.StrictOptimizedLinearSeqOps.dropWhile$(LinearSeq.scala:278)
	at scala.collection.immutable.List.dropWhile(List.scala:79)
	at scala.meta.internal.pc.SignatureHelpProvider$.signatureHelp(SignatureHelpProvider.scala:49)

Feb 23, 2023 3:24:45 PM scala.meta.internal.pc.CompilerAccess handleError
SEVERE: NoDenotation.owner
java.lang.AssertionError: NoDenotation.owner
	at dotty.tools.dotc.core.SymDenotations$NoDenotation$.owner(SymDenotations.scala:2511)
	at scala.meta.internal.pc.SignatureHelpProvider$.isValid(SignatureHelpProvider.scala:88)
	at scala.meta.internal.pc.SignatureHelpProvider$.notCurrentApply(SignatureHelpProvider.scala:99)
	at scala.meta.internal.pc.SignatureHelpProvider$.$anonfun$1(SignatureHelpProvider.scala:49)
	at scala.collection.StrictOptimizedLinearSeqOps.loop$3(LinearSeq.scala:280)
	at scala.collection.StrictOptimizedLinearSeqOps.dropWhile(LinearSeq.scala:282)
	at scala.collection.StrictOptimizedLinearSeqOps.dropWhile$(LinearSeq.scala:278)
	at scala.collection.immutable.List.dropWhile(List.scala:79)
	at scala.meta.internal.pc.SignatureHelpProvider$.signatureHelp(SignatureHelpProvider.scala:49)

Feb 23, 2023 3:25:27 PM org.eclipse.lsp4j.jsonrpc.RemoteEndpoint handleCancellation
WARNING: Unmatched cancel notification for request id 552
Feb 23, 2023 3:28:57 PM org.eclipse.lsp4j.jsonrpc.RemoteEndpoint handleCancellation
WARNING: Unmatched cancel notification for request id 890
Feb 23, 2023 3:40:45 PM org.eclipse.lsp4j.jsonrpc.RemoteEndpoint handleCancellation
WARNING: Unmatched cancel notification for request id 2205
Feb 23, 2023 3:41:26 PM org.eclipse.lsp4j.jsonrpc.RemoteEndpoint handleCancellation
WARNING: Unmatched cancel notification for request id 2324
2023.02.23 15:46:00 WARN  no build target for: /home/brad/craigslist-scraper/src/main/scala/GigCategories.scala
2023.02.23 15:50:30 WARN  no build target for: /home/brad/craigslist-scraper/src/main/scala/GigCategories.scala
2023.02.23 15:50:32 WARN  no build target for: /home/brad/craigslist-scraper/src/main/scala/JobCategories.scala
2023.02.23 16:01:40 WARN  no build target for: /home/brad/craigslist-scraper/src/main/scala/Hello.scala
2023.02.23 16:01:49 WARN  no build target for: /home/brad/craigslist-scraper/src/main/scala/Hello.scala
2023.02.23 16:02:13 WARN  no build target for: /home/brad/craigslist-scraper/src/main/scala/Hello.scala
2023.02.23 16:02:20 WARN  no build target for: /home/brad/craigslist-scraper/src/main/scala/Hello.scala
2023.02.23 16:02:30 WARN  no build target for: /home/brad/craigslist-scraper/src/main/scala/Hello.scala
Feb 23, 2023 4:06:25 PM org.eclipse.lsp4j.jsonrpc.RemoteEndpoint handleCancellation
WARNING: Unmatched cancel notification for request id 3938
2023.02.23 16:07:11 WARN  no build target for: /home/brad/craigslist-scraper/src/main/scala/Hello.scala
2023.02.23 16:07:25 WARN  no build target for: /home/brad/craigslist-scraper/src/main/scala/Hello.scala
2023.02.23 16:07:43 WARN  no build target for: /home/brad/craigslist-scraper/src/main/scala/Hello.scala
2023.02.23 16:08:41 WARN  no build target for: /home/brad/craigslist-scraper/src/main/scala/Hello.scala
Feb 23, 2023 4:09:59 PM org.eclipse.lsp4j.jsonrpc.RemoteEndpoint handleCancellation
WARNING: Unmatched cancel notification for request id 4248
2023.02.23 16:10:03 WARN  no build target for: /home/brad/craigslist-scraper/src/main/scala/Hello.scala
2023.02.23 16:13:12 WARN  no build target for: /home/brad/craigslist-scraper/src/main/scala/Hello.scala
2023.02.23 16:14:01 WARN  no build target for: /home/brad/craigslist-scraper/src/main/scala/Hello.scala
2023.02.23 16:14:48 WARN  no build target for: /home/brad/craigslist-scraper/src/main/scala/Hello.scala
2023.02.23 16:17:28 WARN  no build target for: /home/brad/craigslist-scraper/src/main/scala/Hello.scala
2023.02.23 16:17:49 WARN  no build target for: /home/brad/craigslist-scraper/src/main/scala/Hello.scala
2023.02.23 16:18:20 WARN  no build target for: /home/brad/craigslist-scraper/src/main/scala/Hello.scala
2023.02.23 16:19:49 WARN  no build target for: /home/brad/craigslist-scraper/src/main/scala/GeoCategories.scala
2023.02.23 16:20:48 WARN  no build target for: /home/brad/craigslist-scraper/src/main/scala/GeoCategories.scala
2023.02.23 16:22:31 WARN  no build target for: /home/brad/craigslist-scraper/src/main/scala/Hello.scala
2023.02.23 16:26:12 WARN  no build target for: /home/brad/craigslist-scraper/src/main/scala/JobPages.scala
2023.02.23 16:29:41 WARN  no build target for: /home/brad/craigslist-scraper/src/main/scala/JobPages.scala
2023.02.23 16:29:48 WARN  no build target for: /home/brad/craigslist-scraper/src/main/scala/JobPages.scala
2023.02.23 16:30:14 WARN  no build target for: /home/brad/craigslist-scraper/src/main/scala/JobPages.scala
2023.02.23 16:32:54 WARN  no build target for: /home/brad/craigslist-scraper/src/main/scala/JobPages.scala
2023.02.23 16:45:00 WARN  no build target for: /home/brad/craigslist-scraper/src/main/scala/JobPages.scala
2023.02.23 16:46:45 WARN  no build target for: /home/brad/craigslist-scraper/src/main/scala/Hello.scala
2023.02.23 16:46:54 WARN  no build target for: /home/brad/craigslist-scraper/src/main/scala/Hello.scala
2023.02.23 17:07:18 WARN  no build target for: /home/brad/craigslist-scraper/src/main/scala/Scraper.scala
2023.02.23 17:07:24 WARN  no build target for: /home/brad/craigslist-scraper/src/main/scala/JobPages.scala
2023.02.23 17:17:23 WARN  no build target for: /home/brad/craigslist-scraper/src/main/scala/Scraper.scala
Feb 23, 2023 5:18:17 PM org.eclipse.lsp4j.jsonrpc.RemoteEndpoint handleCancellation
WARNING: Unmatched cancel notification for request id 6598
2023.02.23 17:18:17 WARN  no build target for: /home/brad/craigslist-scraper/src/main/scala/Scraper.scala
2023.02.23 17:18:21 WARN  no build target for: /home/brad/craigslist-scraper/src/main/scala/Scraper.scala
2023.02.23 17:19:28 WARN  no build target for: /home/brad/craigslist-scraper/src/main/scala/Hello.scala
2023.02.23 17:20:32 WARN  no build target for: /home/brad/craigslist-scraper/src/main/scala/Hello.scala
2023.02.23 17:21:02 WARN  no build target for: /home/brad/craigslist-scraper/src/main/scala/Hello.scala
2023.02.23 17:23:03 WARN  no build target for: /home/brad/craigslist-scraper/src/main/scala/Scraper.scala
2023.02.23 17:23:16 WARN  no build target for: /home/brad/craigslist-scraper/src/main/scala/Scraper.scala
2023.02.23 17:25:11 WARN  no build target for: /home/brad/craigslist-scraper/src/main/scala/Hello.scala
2023.02.23 17:26:23 WARN  no build target for: /home/brad/craigslist-scraper/src/main/scala/Scraper.scala
